{"level":"info","ts":"2026-03-02T14:02:44.090+0800","caller":"database/postgres.go:35","msg":"[postgres] connected and migrated successfully"}
{"level":"info","ts":"2026-03-02T14:02:44.098+0800","caller":"database/redis.go:23","msg":"[redis] connected successfully"}
{"level":"info","ts":"2026-03-02T14:02:44.098+0800","caller":"crawler/main.go:37","msg":"HyperCopyCrawler started"}
{"level":"info","ts":"2026-03-02T14:02:44.098+0800","caller":"crawler/crawler.go:30","msg":"[crawler] fetching leaderboard..."}
{"level":"fatal","ts":"2026-03-02T14:02:46.318+0800","caller":"crawler/main.go:43","msg":"sync leaderboard: fetch leaderboard: unmarshal leaderboard: json: cannot unmarshal number into Go struct field LeaderboardRow.leaderboardRows.prize of type string","stacktrace":"main.main\n\tD:/UGit/HyperCopyCrawler/cmd/crawler/main.go:43\nruntime.main\n\tC:/Program Files/Go/src/runtime/proc.go:285"}
{"level":"warn","ts":"2026-03-03T09:40:39.455+0800","caller":"database/postgres.go:69","msg":"[postgres] failed to set comment on table user: ERROR: syntax error at or near \"user\" (SQLSTATE 42601)"}
{"level":"info","ts":"2026-03-03T09:40:39.471+0800","caller":"database/postgres.go:73","msg":"[postgres] connected and migrated successfully"}
{"level":"info","ts":"2026-03-03T09:40:39.480+0800","caller":"database/redis.go:23","msg":"[redis] connected successfully"}
{"level":"info","ts":"2026-03-03T09:40:39.480+0800","caller":"crawler/main.go:37","msg":"HyperCopyCrawler started"}
{"level":"info","ts":"2026-03-03T09:40:39.480+0800","caller":"crawler/crawler.go:30","msg":"[crawler] fetching leaderboard..."}
{"level":"warn","ts":"2026-03-03T11:47:10.412+0800","caller":"database/postgres.go:83","msg":"[postgres] failed to set comment on table user: ERROR: syntax error at or near \"user\" (SQLSTATE 42601)"}
{"level":"info","ts":"2026-03-03T11:47:10.415+0800","caller":"database/postgres.go:87","msg":"[postgres] connected and migrated successfully"}
{"level":"info","ts":"2026-03-03T11:47:10.423+0800","caller":"database/redis.go:23","msg":"[redis] connected successfully"}
{"level":"info","ts":"2026-03-03T11:47:10.423+0800","caller":"crawler/main.go:37","msg":"HyperCopyCrawler started"}
{"level":"info","ts":"2026-03-03T11:47:10.423+0800","caller":"crawler/crawler.go:30","msg":"[crawler] fetching leaderboard..."}
{"level":"fatal","ts":"2026-03-03T11:47:12.821+0800","caller":"crawler/main.go:43","msg":"sync leaderboard: fetch leaderboard: unmarshal leaderboard: json: cannot unmarshal number into Go struct field LeaderboardRow.leaderboardRows.prize of type string","stacktrace":"main.main\n\tD:/UGit/HyperCopyCrawler/cmd/crawler/main.go:43\nruntime.main\n\tC:/Program Files/Go/src/runtime/proc.go:285"}
{"level":"warn","ts":"2026-03-03T15:18:49.396+0800","caller":"database/postgres.go:85","msg":"[postgres] failed to set comment on table user: ERROR: syntax error at or near \"user\" (SQLSTATE 42601)"}
{"level":"info","ts":"2026-03-03T15:18:49.406+0800","caller":"database/postgres.go:89","msg":"[postgres] connected and migrated successfully"}
{"level":"info","ts":"2026-03-03T15:18:49.415+0800","caller":"database/redis.go:23","msg":"[redis] connected successfully"}
{"level":"info","ts":"2026-03-03T15:18:49.415+0800","caller":"crawler/main.go:37","msg":"HyperCopyCrawler started"}
{"level":"info","ts":"2026-03-03T15:18:49.415+0800","caller":"crawler/crawler.go:30","msg":"[crawler] fetching leaderboard..."}
{"level":"fatal","ts":"2026-03-03T15:18:51.600+0800","caller":"crawler/main.go:43","msg":"sync leaderboard: fetch leaderboard: unmarshal leaderboard: json: cannot unmarshal number into Go struct field LeaderboardRow.leaderboardRows.prize of type string","stacktrace":"main.main\n\tD:/UGit/HyperCopyCrawler/cmd/crawler/main.go:43\nruntime.main\n\tC:/Program Files/Go/src/runtime/proc.go:285"}
{"level":"warn","ts":"2026-03-03T16:16:30.580+0800","caller":"database/postgres.go:87","msg":"[postgres] failed to set comment on table user: ERROR: syntax error at or near \"user\" (SQLSTATE 42601)"}
{"level":"info","ts":"2026-03-03T16:16:30.585+0800","caller":"database/postgres.go:91","msg":"[postgres] connected and migrated successfully"}
{"level":"info","ts":"2026-03-03T16:16:30.594+0800","caller":"database/redis.go:23","msg":"[redis] connected successfully"}
{"level":"info","ts":"2026-03-03T16:16:30.594+0800","caller":"crawler/main.go:37","msg":"HyperCopyCrawler started"}
{"level":"info","ts":"2026-03-03T16:16:30.594+0800","caller":"crawler/crawler.go:30","msg":"[crawler] fetching leaderboard..."}
{"level":"fatal","ts":"2026-03-03T16:16:32.728+0800","caller":"crawler/main.go:43","msg":"sync leaderboard: fetch leaderboard: unmarshal leaderboard: json: cannot unmarshal number into Go struct field LeaderboardRow.leaderboardRows.prize of type string","stacktrace":"main.main\n\tD:/UGit/HyperCopyCrawler/cmd/crawler/main.go:43\nruntime.main\n\tC:/Program Files/Go/src/runtime/proc.go:285"}
{"level":"warn","ts":"2026-03-04T10:26:53.982+0800","caller":"database/postgres.go:89","msg":"[postgres] failed to set comment on table user: ERROR: syntax error at or near \"user\" (SQLSTATE 42601)"}
{"level":"info","ts":"2026-03-04T10:26:54.051+0800","caller":"database/postgres.go:93","msg":"[postgres] connected and migrated successfully"}
{"level":"info","ts":"2026-03-04T10:26:54.059+0800","caller":"database/redis.go:23","msg":"[redis] connected successfully"}
{"level":"info","ts":"2026-03-04T10:26:54.059+0800","caller":"crawler/main.go:37","msg":"HyperCopyCrawler started"}
{"level":"info","ts":"2026-03-04T10:26:54.059+0800","caller":"crawler/crawler.go:30","msg":"[crawler] fetching leaderboard..."}
{"level":"fatal","ts":"2026-03-04T10:27:15.515+0800","caller":"crawler/main.go:43","msg":"sync leaderboard: fetch leaderboard: unmarshal leaderboard: json: cannot unmarshal number into Go struct field LeaderboardRow.leaderboardRows.prize of type string","stacktrace":"main.main\n\tD:/UGit/HyperCopyCrawler/cmd/crawler/main.go:43\nruntime.main\n\tC:/Program Files/Go/src/runtime/proc.go:285"}
{"level":"fatal","ts":"2026-03-04T13:56:53.569+0800","caller":"crawler/main.go:27","msg":"postgres: failed to connect postgres: failed to connect to `user=postgres database=hypercopy`:\n\t[::1]:5432 (localhost): dial error: dial tcp [::1]:5432: connectex: No connection could be made because the target machine actively refused it.\n\t127.0.0.1:5432 (localhost): dial error: dial tcp 127.0.0.1:5432: connectex: No connection could be made because the target machine actively refused it.","stacktrace":"main.main\n\tD:/UGit/HyperCopyCrawler/cmd/crawler/main.go:27\nruntime.main\n\tC:/Program Files/Go/src/runtime/proc.go:285"}
{"level":"warn","ts":"2026-03-04T13:57:37.271+0800","caller":"database/postgres.go:95","msg":"[postgres] failed to set comment on table user: ERROR: syntax error at or near \"user\" (SQLSTATE 42601)"}
{"level":"info","ts":"2026-03-04T13:57:37.348+0800","caller":"database/postgres.go:99","msg":"[postgres] connected and migrated successfully"}
{"level":"info","ts":"2026-03-04T13:57:37.364+0800","caller":"database/redis.go:23","msg":"[redis] connected successfully"}
{"level":"info","ts":"2026-03-04T13:57:37.364+0800","caller":"crawler/main.go:37","msg":"HyperCopyCrawler started"}
{"level":"info","ts":"2026-03-04T13:57:37.364+0800","caller":"crawler/crawler.go:30","msg":"[crawler] fetching leaderboard..."}
{"level":"warn","ts":"2026-03-04T13:57:49.890+0800","caller":"database/postgres.go:95","msg":"[postgres] failed to set comment on table user: ERROR: syntax error at or near \"user\" (SQLSTATE 42601)"}
{"level":"info","ts":"2026-03-04T13:57:49.949+0800","caller":"database/postgres.go:99","msg":"[postgres] connected and migrated successfully"}
{"level":"info","ts":"2026-03-04T13:57:49.956+0800","caller":"database/redis.go:23","msg":"[redis] connected successfully"}
{"level":"info","ts":"2026-03-04T13:57:49.956+0800","caller":"crawler/main.go:37","msg":"HyperCopyCrawler started"}
{"level":"info","ts":"2026-03-04T13:57:49.956+0800","caller":"crawler/crawler.go:30","msg":"[crawler] fetching leaderboard..."}
{"level":"warn","ts":"2026-03-04T20:23:21.981+0800","caller":"database/postgres.go:99","msg":"[postgres] failed to set comment on table user: ERROR: syntax error at or near \"user\" (SQLSTATE 42601)"}
{"level":"info","ts":"2026-03-04T20:23:21.983+0800","caller":"database/postgres.go:103","msg":"[postgres] connected and migrated successfully"}
{"level":"info","ts":"2026-03-04T20:23:21.993+0800","caller":"database/redis.go:23","msg":"[redis] connected successfully"}
{"level":"info","ts":"2026-03-04T20:23:21.993+0800","caller":"crawler/main.go:37","msg":"HyperCopyCrawler started"}
{"level":"info","ts":"2026-03-04T20:23:21.993+0800","caller":"crawler/crawler.go:30","msg":"[crawler] fetching leaderboard..."}
